2019-12-07 19:46:02,705 - URBasic_robotModelEvent - INFO - Init done
2019-12-07 19:46:03,206 - URBasic_realTimeClientEvent - INFO - Connected
2019-12-07 19:46:03,207 - URBasic_realTimeClientEvent - INFO - RT_CLient constructor done
2019-12-07 19:46:03,208 - URBasic_dataLogEvent - INFO - DataLog constructor done
2019-12-07 19:46:03,209 - URBasic_rtdeEvent - INFO - RTDE constructor done
2019-12-07 19:46:03,710 - URBasic_dashboardEvent - INFO - Connected
2019-12-07 19:46:03,711 - URBasic_dashboardEvent - INFO - UR Dashboard respond Connected: Universal Robots Dashboard Server
2019-12-07 19:46:03,711 - URBasic_dashboardEvent - INFO - Dashboard server constructor done
2019-12-07 19:46:03,712 - URBasic_robotConnectorEvent - INFO - Init done
2019-12-07 19:46:04,021 - URBasic_rtdeEvent - INFO - RTDE started
2019-12-07 19:46:04,713 - URBasic_urScriptEvent - INFO - Init done
2019-12-07 19:46:04,724 - URBasic_urScriptExtEvent - INFO - Init done
2019-12-07 19:46:04,726 - URBasic_realTimeClientEvent - INFO - Program send to Robot:
def move_l():
  write_output_boolean_register(0, True)
    movel( p[-0.1198, -0.464, 0.1927, -0.3193, -3.0929, -0.0024], a=1.2, v=1.0,  r=0)


  write_output_boolean_register(1, True)
end

2019-12-07 19:46:05,483 - URBasic_realTimeClientEvent - INFO - sendProgram: Finished
2019-12-07 19:46:05,533 - URBasic_realTimeClientEvent - INFO - Program send to Robot:
def resetRegister():
  write_output_boolean_register(0, False)
  write_output_boolean_register(1, False)
end

2019-12-07 19:46:05,634 - URBasic_realTimeClientEvent - INFO - Program send to Robot:
def move_l():
  write_output_boolean_register(0, True)
    movel( p[-0.1198, -0.464, 0.1929, -0.2929, -2.9519, 0.7517], a=1.2, v=1.0,  r=0)


  write_output_boolean_register(1, True)
end

2019-12-07 19:46:06,391 - URBasic_realTimeClientEvent - INFO - sendProgram: Finished
2019-12-07 19:46:06,441 - URBasic_realTimeClientEvent - INFO - Program send to Robot:
def resetRegister():
  write_output_boolean_register(0, False)
  write_output_boolean_register(1, False)
end

