2019-12-07 19:45:16,586 - URBasic_robotModelEvent - INFO - Init done
2019-12-07 19:45:17,088 - URBasic_realTimeClientEvent - INFO - Connected
2019-12-07 19:45:17,088 - URBasic_realTimeClientEvent - INFO - RT_CLient constructor done
2019-12-07 19:45:17,089 - URBasic_dataLogEvent - INFO - DataLog constructor done
2019-12-07 19:45:17,090 - URBasic_rtdeEvent - INFO - RTDE constructor done
2019-12-07 19:45:17,592 - URBasic_dashboardEvent - INFO - Connected
2019-12-07 19:45:17,592 - URBasic_dashboardEvent - INFO - UR Dashboard respond Connected: Universal Robots Dashboard Server
2019-12-07 19:45:17,593 - URBasic_dashboardEvent - INFO - Dashboard server constructor done
2019-12-07 19:45:17,593 - URBasic_robotConnectorEvent - INFO - Init done
2019-12-07 19:45:18,055 - URBasic_rtdeEvent - INFO - RTDE started
2019-12-07 19:45:18,594 - URBasic_urScriptEvent - INFO - Init done
2019-12-07 19:45:18,605 - URBasic_urScriptExtEvent - INFO - Init done
2019-12-07 19:45:18,607 - URBasic_realTimeClientEvent - INFO - Program send to Robot:
def move_l():
  write_output_boolean_register(0, True)
    movel( p[-0.1198, -0.464, 0.1927, -0.3193, -3.0929, -0.0024], a=1.2, v=1.0,  r=0)


  write_output_boolean_register(1, True)
end

2019-12-07 19:45:18,708 - URBasic_realTimeClientEvent - INFO - sendProgram: Finished
2019-12-07 19:45:18,758 - URBasic_realTimeClientEvent - INFO - Program send to Robot:
def resetRegister():
  write_output_boolean_register(0, False)
  write_output_boolean_register(1, False)
end

2019-12-07 19:45:18,859 - URBasic_realTimeClientEvent - INFO - Program send to Robot:
def move_l():
  write_output_boolean_register(0, True)
    movel( p[-0.1198, -0.464, 0.1927, -0.2686, -2.5972, -0.0709], a=1.2, v=1.0,  r=0)


  write_output_boolean_register(1, True)
end

2019-12-07 19:45:19,616 - URBasic_realTimeClientEvent - INFO - sendProgram: Finished
2019-12-07 19:45:19,667 - URBasic_realTimeClientEvent - INFO - Program send to Robot:
def resetRegister():
  write_output_boolean_register(0, False)
  write_output_boolean_register(1, False)
end

2019-12-07 19:45:26,045 - URBasic_rtdeEvent - INFO - Total packages: 1000
2019-12-07 19:45:34,044 - URBasic_rtdeEvent - INFO - Total packages: 2000
