2019-12-07 19:43:27,711 - URBasic_robotModelEvent - INFO - Init done
2019-12-07 19:43:28,212 - URBasic_realTimeClientEvent - INFO - Connected
2019-12-07 19:43:28,212 - URBasic_realTimeClientEvent - INFO - RT_CLient constructor done
2019-12-07 19:43:28,213 - URBasic_dataLogEvent - INFO - DataLog constructor done
2019-12-07 19:43:28,214 - URBasic_rtdeEvent - INFO - RTDE constructor done
2019-12-07 19:43:28,715 - URBasic_dashboardEvent - INFO - Connected
2019-12-07 19:43:28,716 - URBasic_dashboardEvent - INFO - UR Dashboard respond Connected: Universal Robots Dashboard Server
2019-12-07 19:43:28,716 - URBasic_dashboardEvent - INFO - Dashboard server constructor done
2019-12-07 19:43:28,716 - URBasic_robotConnectorEvent - INFO - Init done
2019-12-07 19:43:29,258 - URBasic_rtdeEvent - INFO - RTDE started
2019-12-07 19:43:29,717 - URBasic_urScriptEvent - INFO - Init done
2019-12-07 19:43:29,729 - URBasic_urScriptExtEvent - INFO - Init done
2019-12-07 19:43:29,731 - URBasic_realTimeClientEvent - INFO - Program send to Robot:
def move_l():
  write_output_boolean_register(0, True)
    movel( p[-0.1198, -0.464, 0.1927, -0.3193, -3.0929, -0.0024], a=1.2, v=1.0,  r=0)


  write_output_boolean_register(1, True)
end

2019-12-07 19:43:30,591 - URBasic_realTimeClientEvent - INFO - sendProgram: Finished
2019-12-07 19:43:30,641 - URBasic_realTimeClientEvent - INFO - Program send to Robot:
def resetRegister():
  write_output_boolean_register(0, False)
  write_output_boolean_register(1, False)
end

